Using pre-set license
Built from '2020.3/staging' branch; Version is '2020.3.13f1 (71691879b7f5) revision 7432472'; Using compiler version '192528614'; Build Type 'Release'
OS: 'Windows 10 Pro; OS build 19043.1466; Version 2009; 64bit' Language: 'ru' Physical Memory: 32665 MB
BatchMode: 1, IsHumanControllingUs: 0, StartBugReporterOnCrash: 0, Is64bit: 1, IsPro: 0

 COMMAND LINE ARGUMENTS:
C:\Program Files\Unity\Hub\Editor\2020.3.13f1\Editor\Unity.exe
-adb2
-batchMode
-noUpm
-name
AssetImportWorker0
-projectPath
E:/Projects/DemoVR
-logFile
Logs/AssetImportWorker0.log
-srvPort
63231
Successfully changed project path to: E:/Projects/DemoVR
E:/Projects/DemoVR
Using Asset Import Pipeline V2.
Refreshing native plugins compatible for Editor in 77.25 ms, found 5 plugins.
Preloading 1 native plugins for Editor in 0.70 ms.
Initialize engine version: 2020.3.13f1 (71691879b7f5)
[Subsystems] Discovering subsystems at path C:/Program Files/Unity/Hub/Editor/2020.3.13f1/Editor/Data/Resources/UnitySubsystems
[Subsystems] Discovering subsystems at path E:/Projects/DemoVR/Assets
GfxDevice: creating device client; threaded=0
Direct3D:
    Version:  Direct3D 11.0 [level 11.1]
    Renderer: NVIDIA GeForce GTX 1660 SUPER (ID=0x21c4)
    Vendor:   
    VRAM:     5991 MB
    Driver:   27.21.14.6089
Shader 'Universal Render Pipeline/Particles/Lit': fallback shader 'Universal Render Pipeline/Particles/SimpleLit' not found
Initialize mono
Mono path[0] = 'C:/Program Files/Unity/Hub/Editor/2020.3.13f1/Editor/Data/Managed'
Mono path[1] = 'C:/Program Files/Unity/Hub/Editor/2020.3.13f1/Editor/Data/MonoBleedingEdge/lib/mono/unityjit'
Mono config path = 'C:/Program Files/Unity/Hub/Editor/2020.3.13f1/Editor/Data/MonoBleedingEdge/etc'
Using monoOptions --debugger-agent=transport=dt_socket,embedding=1,server=y,suspend=n,address=127.0.0.1:56920
Begin MonoManager ReloadAssembly
Registering precompiled unity dll's ...
Register platform support module: C:/Program Files/Unity/Hub/Editor/2020.3.13f1/Editor/Data/PlaybackEngines/WebGLSupport/UnityEditor.WebGL.Extensions.dll
Register platform support module: C:/Program Files/Unity/Hub/Editor/2020.3.13f1/Editor/Data/PlaybackEngines/WindowsStandaloneSupport/UnityEditor.WindowsStandalone.Extensions.dll
Registered in 0.001654 seconds.
Native extension for WindowsStandalone target not found
Native extension for WebGL target not found
Refreshing native plugins compatible for Editor in 71.88 ms, found 5 plugins.
Preloading 1 native plugins for Editor in 0.07 ms.
Mono: successfully reloaded assembly
- Completed reload, in  1.506 seconds
Platform modules already initialized, skipping
Registering precompiled user dll's ...
Registered in 0.004450 seconds.
Begin MonoManager ReloadAssembly
Native extension for WindowsStandalone target not found
Native extension for WebGL target not found
Refreshing native plugins compatible for Editor in 77.80 ms, found 5 plugins.
Preloading 1 native plugins for Editor in 0.06 ms.
[XR] OculusXRPlugin: registering subsystems
[XR] Unable to register display lifecyle provider: [1]
[XR] Oculus Input lifecycle provider registered.
[XR] Unable to register input lifecyle provider: [1]
NullReferenceException: Object reference not set to an instance of an object
  at Unity.XR.Oculus.OculusLoader.AssetPathToAbsolutePath (System.String assetPath) [0x00048] in E:\Projects\DemoVR\Library\PackageCache\com.unity.xr.oculus@1.9.1\Runtime\OculusLoader.cs:249 
  at Unity.XR.Oculus.OculusLoader.EditorLoadOVRPlugin () [0x0007b] in E:\Projects\DemoVR\Library\PackageCache\com.unity.xr.oculus@1.9.1\Runtime\OculusLoader.cs:234 

(Filename: Library/PackageCache/com.unity.xr.oculus@1.9.1/Runtime/OculusLoader.cs Line: 249)

Mono: successfully reloaded assembly
- Completed reload, in  1.120 seconds
Platform modules already initialized, skipping
========================================================================
Worker process is ready to serve import requests
Shader 'Universal Render Pipeline/Particles/Lit': fallback shader 'Universal Render Pipeline/Particles/SimpleLit' not found
Launched and connected shader compiler UnityShaderCompiler.exe after 0.03 seconds
Refreshing native plugins compatible for Editor in 1.02 ms, found 5 plugins.
Preloading 1 native plugins for Editor in 0.07 ms.
Unloading 3348 Unused Serialized files (Serialized files now loaded: 0)
System memory in use before: 166.8 MB.
System memory in use after: 167.0 MB.

Unloading 24 unused Assets to reduce memory usage. Loaded Objects now: 3805.
Total: 3.103400 ms (FindLiveObjects: 0.333800 ms CreateObjectMapping: 0.151900 ms MarkObjects: 2.518300 ms  DeleteObjects: 0.098600 ms)

AssetImportParameters requested are different than current active one (requested -> active):
  custom:framework-win-MediaFoundation: 216162199b28c13a410421893ffa2e32 -> 
  custom:video-decoder-ogg-theora: a1e56fd34408186e4bbccfd4996cb3dc -> 
  custom:container-muxer-webm: aa71ff27fc2769a1b78a27578f13a17b -> 
  custom:container-demuxer-webm: 4f35f7cbe854078d1ac9338744f61a02 -> 
  custom:container-demuxer-ogg: 62fdf1f143b41e24485cea50d1cbac27 -> 
  custom:video-encoder-webm-vp8: eb34c28f22e8b96e1ab97ce403110664 -> 
  custom:video-decoder-webm-vp8: 9c59270c3fd7afecdb556c50c9e8de78 -> 
  custom:audio-decoder-ogg-vorbis: bf7c407c2cedff20999df2af8eb42d56 -> 
  custom:audio-encoder-webm-vorbis: bf7c407c2cedff20999df2af8eb42d56 -> 
========================================================================
Received Import Request.
  path: Assets/Models/hand.unitypackage
  artifactKey: Guid(bd229024abd1f894ea1e253a9b1119f7) Importer(815301076,1909f56bfc062723c751e8b465ee728b)
Start importing Assets/Models/hand.unitypackage using Guid(bd229024abd1f894ea1e253a9b1119f7) Importer(815301076,1909f56bfc062723c751e8b465ee728b)  -> (artifact id: '49cb568f6b8786751fd4979597d53ea3') in 0.032856 seconds 
  Import took 0.039452 seconds .

========================================================================
Received Import Request.
  Time since last request: 388.203099 seconds.
  path: Assets/Models/Hands
  artifactKey: Guid(cb07e349b10288e4c80add80f60688db) Importer(815301076,1909f56bfc062723c751e8b465ee728b)
Start importing Assets/Models/Hands using Guid(cb07e349b10288e4c80add80f60688db) Importer(815301076,1909f56bfc062723c751e8b465ee728b)  -> (artifact id: '80ff3e0413fdda7798b1a5b5dd0d2362') in 0.004118 seconds 
  Import took 0.009633 seconds .

========================================================================
Received Import Request.
  Time since last request: 0.030951 seconds.
  path: Assets/Models/Hands/SK_Hand.fbx
  artifactKey: Guid(1838d4660f7e0e046a77e3e2b5eab05d) Importer(815301076,1909f56bfc062723c751e8b465ee728b)
Start importing Assets/Models/Hands/SK_Hand.fbx using Guid(1838d4660f7e0e046a77e3e2b5eab05d) Importer(815301076,1909f56bfc062723c751e8b465ee728b)  -> (artifact id: 'b74517a93cf84e9a89d41cc69809f464') in 0.207373 seconds 
  Import took 0.212782 seconds .

========================================================================
Received Import Request.
  Time since last request: 15.937814 seconds.
  path: Assets/Prefabs/SK_Hand.prefab
  artifactKey: Guid(a682c548d8540b7448175de9ea969d81) Importer(815301076,1909f56bfc062723c751e8b465ee728b)
Start importing Assets/Prefabs/SK_Hand.prefab using Guid(a682c548d8540b7448175de9ea969d81) Importer(815301076,1909f56bfc062723c751e8b465ee728b)  -> (artifact id: '8064a0b56bf23a04f28ef6c9479d5c2a') in 0.009096 seconds 
  Import took 0.014387 seconds .

========================================================================
Received Import Request.
  Time since last request: 8.167719 seconds.
  path: Assets/Prefabs/Hand_Right.prefab
  artifactKey: Guid(a682c548d8540b7448175de9ea969d81) Importer(815301076,1909f56bfc062723c751e8b465ee728b)
Start importing Assets/Prefabs/Hand_Right.prefab using Guid(a682c548d8540b7448175de9ea969d81) Importer(815301076,1909f56bfc062723c751e8b465ee728b)  -> (artifact id: 'f5e64df10b6f807640d1bb91c2215b2c') in 0.011578 seconds 
  Import took 0.017255 seconds .

========================================================================
Received Import Request.
  Time since last request: 0.921089 seconds.
  path: Assets/Prefabs/Hand_Right 1.prefab
  artifactKey: Guid(eab68f0d15f2f7d4a94377e2fb9c63e9) Importer(815301076,1909f56bfc062723c751e8b465ee728b)
Start importing Assets/Prefabs/Hand_Right 1.prefab using Guid(eab68f0d15f2f7d4a94377e2fb9c63e9) Importer(815301076,1909f56bfc062723c751e8b465ee728b)  -> (artifact id: 'ffebe563b8c547e4d7a120a8998c5595') in 0.009986 seconds 
  Import took 0.015386 seconds .

========================================================================
Received Import Request.
  Time since last request: 7.265017 seconds.
  path: Assets/Prefabs/Hand_Left.prefab
  artifactKey: Guid(eab68f0d15f2f7d4a94377e2fb9c63e9) Importer(815301076,1909f56bfc062723c751e8b465ee728b)
Start importing Assets/Prefabs/Hand_Left.prefab using Guid(eab68f0d15f2f7d4a94377e2fb9c63e9) Importer(815301076,1909f56bfc062723c751e8b465ee728b)  -> (artifact id: '6dfd0617e54197dd4fc5a11acde6923e') in 0.009621 seconds 
  Import took 0.014989 seconds .

========================================================================
Received Import Request.
  Time since last request: 7.815547 seconds.
  path: Assets/Prefabs/Hand_Left.prefab
  artifactKey: Guid(eab68f0d15f2f7d4a94377e2fb9c63e9) Importer(815301076,1909f56bfc062723c751e8b465ee728b)
Start importing Assets/Prefabs/Hand_Left.prefab using Guid(eab68f0d15f2f7d4a94377e2fb9c63e9) Importer(815301076,1909f56bfc062723c751e8b465ee728b)  -> (artifact id: '1c28c5a5f44243c52c963d6abf705e13') in 0.012915 seconds 
  Import took 0.022034 seconds .

========================================================================
Received Import Request.
  Time since last request: 1362.015570 seconds.
  path: Assets/Shaders/HighlightCoin 1.mat
  artifactKey: Guid(0d594f97f7976834d9772e1e39684616) Importer(815301076,1909f56bfc062723c751e8b465ee728b)
Start importing Assets/Shaders/HighlightCoin 1.mat using Guid(0d594f97f7976834d9772e1e39684616) Importer(815301076,1909f56bfc062723c751e8b465ee728b)  -> (artifact id: '517f7616e1d3b3f2e733f00a6bc49cb5') in 0.019863 seconds 
  Import took 0.031760 seconds .

========================================================================
Received Import Request.
  Time since last request: 67.672512 seconds.
  path: Assets/Shaders/HighlightCoin 1.mat
  artifactKey: Guid(0d594f97f7976834d9772e1e39684616) Importer(815301076,1909f56bfc062723c751e8b465ee728b)
Start importing Assets/Shaders/HighlightCoin 1.mat using Guid(0d594f97f7976834d9772e1e39684616) Importer(815301076,1909f56bfc062723c751e8b465ee728b)  -> (artifact id: '99cee0bba2cfee4ba544826f241be3ab') in 0.011424 seconds 
  Import took 0.016677 seconds .

========================================================================
Received Import Request.
  Time since last request: 44.384713 seconds.
  path: Assets/Shaders/HighlightCoin 1.mat
  artifactKey: Guid(0d594f97f7976834d9772e1e39684616) Importer(815301076,1909f56bfc062723c751e8b465ee728b)
Start importing Assets/Shaders/HighlightCoin 1.mat using Guid(0d594f97f7976834d9772e1e39684616) Importer(815301076,1909f56bfc062723c751e8b465ee728b)  -> (artifact id: 'a4f9fe019db86c43aa5ecacbcb377548') in 0.009045 seconds 
  Import took 0.015092 seconds .

========================================================================
Received Prepare
Registering precompiled user dll's ...
Registered in 0.003949 seconds.
Begin MonoManager ReloadAssembly
Native extension for WindowsStandalone target not found
Native extension for WebGL target not found
Refreshing native plugins compatible for Editor in 1.30 ms, found 5 plugins.
Preloading 1 native plugins for Editor in 0.07 ms.
NullReferenceException: Object reference not set to an instance of an object
  at Unity.XR.Oculus.OculusLoader.AssetPathToAbsolutePath (System.String assetPath) [0x00048] in E:\Projects\DemoVR\Library\PackageCache\com.unity.xr.oculus@1.9.1\Runtime\OculusLoader.cs:249 
  at Unity.XR.Oculus.OculusLoader.EditorLoadOVRPlugin () [0x0007b] in E:\Projects\DemoVR\Library\PackageCache\com.unity.xr.oculus@1.9.1\Runtime\OculusLoader.cs:234 

(Filename: Library/PackageCache/com.unity.xr.oculus@1.9.1/Runtime/OculusLoader.cs Line: 249)

Mono: successfully reloaded assembly
- Completed reload, in  1.014 seconds
Platform modules already initialized, skipping
Shader 'Universal Render Pipeline/Particles/Lit': fallback shader 'Universal Render Pipeline/Particles/SimpleLit' not found
Refreshing native plugins compatible for Editor in 0.87 ms, found 5 plugins.
Preloading 1 native plugins for Editor in 0.05 ms.
Unloading 3192 Unused Serialized files (Serialized files now loaded: 0)
System memory in use before: 176.1 MB.
System memory in use after: 176.3 MB.

Unloading 17 unused Assets to reduce memory usage. Loaded Objects now: 3892.
Total: 2.850900 ms (FindLiveObjects: 0.305400 ms CreateObjectMapping: 0.170500 ms MarkObjects: 2.350500 ms  DeleteObjects: 0.023500 ms)

AssetImportParameters requested are different than current active one (requested -> active):
  custom:framework-win-MediaFoundation: 216162199b28c13a410421893ffa2e32 -> 
  custom:video-decoder-ogg-theora: a1e56fd34408186e4bbccfd4996cb3dc -> 
  custom:container-muxer-webm: aa71ff27fc2769a1b78a27578f13a17b -> 
  custom:container-demuxer-webm: 4f35f7cbe854078d1ac9338744f61a02 -> 
  custom:container-demuxer-ogg: 62fdf1f143b41e24485cea50d1cbac27 -> 
  custom:video-encoder-webm-vp8: eb34c28f22e8b96e1ab97ce403110664 -> 
  custom:video-decoder-webm-vp8: 9c59270c3fd7afecdb556c50c9e8de78 -> 
  custom:audio-decoder-ogg-vorbis: bf7c407c2cedff20999df2af8eb42d56 -> 
  custom:audio-encoder-webm-vorbis: bf7c407c2cedff20999df2af8eb42d56 -> 
========================================================================
Received Prepare
Registering precompiled user dll's ...
Registered in 0.003300 seconds.
Begin MonoManager ReloadAssembly
Native extension for WindowsStandalone target not found
Native extension for WebGL target not found
Refreshing native plugins compatible for Editor in 0.87 ms, found 5 plugins.
Preloading 1 native plugins for Editor in 0.06 ms.
NullReferenceException: Object reference not set to an instance of an object
  at Unity.XR.Oculus.OculusLoader.AssetPathToAbsolutePath (System.String assetPath) [0x00048] in E:\Projects\DemoVR\Library\PackageCache\com.unity.xr.oculus@1.9.1\Runtime\OculusLoader.cs:249 
  at Unity.XR.Oculus.OculusLoader.EditorLoadOVRPlugin () [0x0007b] in E:\Projects\DemoVR\Library\PackageCache\com.unity.xr.oculus@1.9.1\Runtime\OculusLoader.cs:234 

(Filename: Library/PackageCache/com.unity.xr.oculus@1.9.1/Runtime/OculusLoader.cs Line: 249)

Mono: successfully reloaded assembly
- Completed reload, in  1.015 seconds
Platform modules already initialized, skipping
Shader 'Universal Render Pipeline/Particles/Lit': fallback shader 'Universal Render Pipeline/Particles/SimpleLit' not found
Refreshing native plugins compatible for Editor in 0.82 ms, found 5 plugins.
Preloading 1 native plugins for Editor in 0.05 ms.
Unloading 3192 Unused Serialized files (Serialized files now loaded: 0)
System memory in use before: 176.1 MB.
System memory in use after: 176.4 MB.

Unloading 17 unused Assets to reduce memory usage. Loaded Objects now: 3896.
Total: 2.556400 ms (FindLiveObjects: 0.301300 ms CreateObjectMapping: 0.158900 ms MarkObjects: 2.071600 ms  DeleteObjects: 0.023000 ms)

AssetImportParameters requested are different than current active one (requested -> active):
  custom:framework-win-MediaFoundation: 216162199b28c13a410421893ffa2e32 -> 
  custom:video-decoder-ogg-theora: a1e56fd34408186e4bbccfd4996cb3dc -> 
  custom:container-muxer-webm: aa71ff27fc2769a1b78a27578f13a17b -> 
  custom:container-demuxer-webm: 4f35f7cbe854078d1ac9338744f61a02 -> 
  custom:container-demuxer-ogg: 62fdf1f143b41e24485cea50d1cbac27 -> 
  custom:video-encoder-webm-vp8: eb34c28f22e8b96e1ab97ce403110664 -> 
  custom:video-decoder-webm-vp8: 9c59270c3fd7afecdb556c50c9e8de78 -> 
  custom:audio-decoder-ogg-vorbis: bf7c407c2cedff20999df2af8eb42d56 -> 
  custom:audio-encoder-webm-vorbis: bf7c407c2cedff20999df2af8eb42d56 -> 
========================================================================
Received Prepare
Registering precompiled user dll's ...
Registered in 0.003985 seconds.
Begin MonoManager ReloadAssembly
Native extension for WindowsStandalone target not found
Native extension for WebGL target not found
Refreshing native plugins compatible for Editor in 0.80 ms, found 5 plugins.
Preloading 1 native plugins for Editor in 0.05 ms.
NullReferenceException: Object reference not set to an instance of an object
  at Unity.XR.Oculus.OculusLoader.AssetPathToAbsolutePath (System.String assetPath) [0x00048] in E:\Projects\DemoVR\Library\PackageCache\com.unity.xr.oculus@1.9.1\Runtime\OculusLoader.cs:249 
  at Unity.XR.Oculus.OculusLoader.EditorLoadOVRPlugin () [0x0007b] in E:\Projects\DemoVR\Library\PackageCache\com.unity.xr.oculus@1.9.1\Runtime\OculusLoader.cs:234 

(Filename: Library/PackageCache/com.unity.xr.oculus@1.9.1/Runtime/OculusLoader.cs Line: 249)

Mono: successfully reloaded assembly
- Completed reload, in  0.986 seconds
Platform modules already initialized, skipping
Shader 'Universal Render Pipeline/Particles/Lit': fallback shader 'Universal Render Pipeline/Particles/SimpleLit' not found
Refreshing native plugins compatible for Editor in 0.89 ms, found 5 plugins.
Preloading 1 native plugins for Editor in 0.05 ms.
Unloading 3192 Unused Serialized files (Serialized files now loaded: 0)
System memory in use before: 176.2 MB.
System memory in use after: 176.4 MB.

Unloading 17 unused Assets to reduce memory usage. Loaded Objects now: 3900.
Total: 2.533800 ms (FindLiveObjects: 0.303800 ms CreateObjectMapping: 0.164600 ms MarkObjects: 2.045600 ms  DeleteObjects: 0.018600 ms)

AssetImportParameters requested are different than current active one (requested -> active):
  custom:framework-win-MediaFoundation: 216162199b28c13a410421893ffa2e32 -> 
  custom:video-decoder-ogg-theora: a1e56fd34408186e4bbccfd4996cb3dc -> 
  custom:container-muxer-webm: aa71ff27fc2769a1b78a27578f13a17b -> 
  custom:container-demuxer-webm: 4f35f7cbe854078d1ac9338744f61a02 -> 
  custom:container-demuxer-ogg: 62fdf1f143b41e24485cea50d1cbac27 -> 
  custom:video-encoder-webm-vp8: eb34c28f22e8b96e1ab97ce403110664 -> 
  custom:video-decoder-webm-vp8: 9c59270c3fd7afecdb556c50c9e8de78 -> 
  custom:audio-decoder-ogg-vorbis: bf7c407c2cedff20999df2af8eb42d56 -> 
  custom:audio-encoder-webm-vorbis: bf7c407c2cedff20999df2af8eb42d56 -> 
========================================================================
Received Prepare
Registering precompiled user dll's ...
Registered in 0.003232 seconds.
Begin MonoManager ReloadAssembly
Native extension for WindowsStandalone target not found
Native extension for WebGL target not found
Refreshing native plugins compatible for Editor in 0.84 ms, found 5 plugins.
Preloading 1 native plugins for Editor in 0.05 ms.
NullReferenceException: Object reference not set to an instance of an object
  at Unity.XR.Oculus.OculusLoader.AssetPathToAbsolutePath (System.String assetPath) [0x00048] in E:\Projects\DemoVR\Library\PackageCache\com.unity.xr.oculus@1.9.1\Runtime\OculusLoader.cs:249 
  at Unity.XR.Oculus.OculusLoader.EditorLoadOVRPlugin () [0x0007b] in E:\Projects\DemoVR\Library\PackageCache\com.unity.xr.oculus@1.9.1\Runtime\OculusLoader.cs:234 

(Filename: Library/PackageCache/com.unity.xr.oculus@1.9.1/Runtime/OculusLoader.cs Line: 249)

Mono: successfully reloaded assembly
- Completed reload, in  0.970 seconds
Platform modules already initialized, skipping
Shader 'Universal Render Pipeline/Particles/Lit': fallback shader 'Universal Render Pipeline/Particles/SimpleLit' not found
Refreshing native plugins compatible for Editor in 0.84 ms, found 5 plugins.
Preloading 1 native plugins for Editor in 0.04 ms.
Unloading 3192 Unused Serialized files (Serialized files now loaded: 0)
System memory in use before: 176.2 MB.
System memory in use after: 176.4 MB.

Unloading 17 unused Assets to reduce memory usage. Loaded Objects now: 3904.
Total: 2.414900 ms (FindLiveObjects: 0.320500 ms CreateObjectMapping: 0.162700 ms MarkObjects: 1.912700 ms  DeleteObjects: 0.018000 ms)

AssetImportParameters requested are different than current active one (requested -> active):
  custom:framework-win-MediaFoundation: 216162199b28c13a410421893ffa2e32 -> 
  custom:video-decoder-ogg-theora: a1e56fd34408186e4bbccfd4996cb3dc -> 
  custom:container-muxer-webm: aa71ff27fc2769a1b78a27578f13a17b -> 
  custom:container-demuxer-webm: 4f35f7cbe854078d1ac9338744f61a02 -> 
  custom:container-demuxer-ogg: 62fdf1f143b41e24485cea50d1cbac27 -> 
  custom:video-encoder-webm-vp8: eb34c28f22e8b96e1ab97ce403110664 -> 
  custom:video-decoder-webm-vp8: 9c59270c3fd7afecdb556c50c9e8de78 -> 
  custom:audio-decoder-ogg-vorbis: bf7c407c2cedff20999df2af8eb42d56 -> 
  custom:audio-encoder-webm-vorbis: bf7c407c2cedff20999df2af8eb42d56 -> 
========================================================================
Received Prepare
Registering precompiled user dll's ...
Registered in 0.003202 seconds.
Begin MonoManager ReloadAssembly
Native extension for WindowsStandalone target not found
Native extension for WebGL target not found
Refreshing native plugins compatible for Editor in 0.82 ms, found 5 plugins.
Preloading 1 native plugins for Editor in 0.05 ms.
NullReferenceException: Object reference not set to an instance of an object
  at Unity.XR.Oculus.OculusLoader.AssetPathToAbsolutePath (System.String assetPath) [0x00048] in E:\Projects\DemoVR\Library\PackageCache\com.unity.xr.oculus@1.9.1\Runtime\OculusLoader.cs:249 
  at Unity.XR.Oculus.OculusLoader.EditorLoadOVRPlugin () [0x0007b] in E:\Projects\DemoVR\Library\PackageCache\com.unity.xr.oculus@1.9.1\Runtime\OculusLoader.cs:234 

(Filename: Library/PackageCache/com.unity.xr.oculus@1.9.1/Runtime/OculusLoader.cs Line: 249)

Mono: successfully reloaded assembly
- Completed reload, in  0.992 seconds
Platform modules already initialized, skipping
Shader 'Universal Render Pipeline/Particles/Lit': fallback shader 'Universal Render Pipeline/Particles/SimpleLit' not found
Refreshing native plugins compatible for Editor in 0.88 ms, found 5 plugins.
Preloading 1 native plugins for Editor in 0.06 ms.
Unloading 3192 Unused Serialized files (Serialized files now loaded: 0)
System memory in use before: 176.2 MB.
System memory in use after: 176.5 MB.

Unloading 17 unused Assets to reduce memory usage. Loaded Objects now: 3908.
Total: 2.757500 ms (FindLiveObjects: 0.375400 ms CreateObjectMapping: 0.204500 ms MarkObjects: 2.159800 ms  DeleteObjects: 0.016700 ms)

AssetImportParameters requested are different than current active one (requested -> active):
  custom:framework-win-MediaFoundation: 216162199b28c13a410421893ffa2e32 -> 
  custom:video-decoder-ogg-theora: a1e56fd34408186e4bbccfd4996cb3dc -> 
  custom:container-muxer-webm: aa71ff27fc2769a1b78a27578f13a17b -> 
  custom:container-demuxer-webm: 4f35f7cbe854078d1ac9338744f61a02 -> 
  custom:container-demuxer-ogg: 62fdf1f143b41e24485cea50d1cbac27 -> 
  custom:video-encoder-webm-vp8: eb34c28f22e8b96e1ab97ce403110664 -> 
  custom:video-decoder-webm-vp8: 9c59270c3fd7afecdb556c50c9e8de78 -> 
  custom:audio-decoder-ogg-vorbis: bf7c407c2cedff20999df2af8eb42d56 -> 
  custom:audio-encoder-webm-vorbis: bf7c407c2cedff20999df2af8eb42d56 -> 
========================================================================
Received Prepare
Registering precompiled user dll's ...
Registered in 0.003770 seconds.
Begin MonoManager ReloadAssembly
Native extension for WindowsStandalone target not found
Native extension for WebGL target not found
Refreshing native plugins compatible for Editor in 1.39 ms, found 5 plugins.
Preloading 1 native plugins for Editor in 0.07 ms.
NullReferenceException: Object reference not set to an instance of an object
  at Unity.XR.Oculus.OculusLoader.AssetPathToAbsolutePath (System.String assetPath) [0x00048] in E:\Projects\DemoVR\Library\PackageCache\com.unity.xr.oculus@1.9.1\Runtime\OculusLoader.cs:249 
  at Unity.XR.Oculus.OculusLoader.EditorLoadOVRPlugin () [0x0007b] in E:\Projects\DemoVR\Library\PackageCache\com.unity.xr.oculus@1.9.1\Runtime\OculusLoader.cs:234 

(Filename: Library/PackageCache/com.unity.xr.oculus@1.9.1/Runtime/OculusLoader.cs Line: 249)

Mono: successfully reloaded assembly
- Completed reload, in  1.027 seconds
Platform modules already initialized, skipping
Shader 'Universal Render Pipeline/Particles/Lit': fallback shader 'Universal Render Pipeline/Particles/SimpleLit' not found
Refreshing native plugins compatible for Editor in 1.21 ms, found 5 plugins.
Preloading 1 native plugins for Editor in 0.06 ms.
Unloading 3192 Unused Serialized files (Serialized files now loaded: 0)
System memory in use before: 176.2 MB.
System memory in use after: 176.5 MB.

Unloading 17 unused Assets to reduce memory usage. Loaded Objects now: 3912.
Total: 3.197600 ms (FindLiveObjects: 0.371600 ms CreateObjectMapping: 0.159200 ms MarkObjects: 2.644700 ms  DeleteObjects: 0.020300 ms)

AssetImportParameters requested are different than current active one (requested -> active):
  custom:framework-win-MediaFoundation: 216162199b28c13a410421893ffa2e32 -> 
  custom:video-decoder-ogg-theora: a1e56fd34408186e4bbccfd4996cb3dc -> 
  custom:container-muxer-webm: aa71ff27fc2769a1b78a27578f13a17b -> 
  custom:container-demuxer-webm: 4f35f7cbe854078d1ac9338744f61a02 -> 
  custom:container-demuxer-ogg: 62fdf1f143b41e24485cea50d1cbac27 -> 
  custom:video-encoder-webm-vp8: eb34c28f22e8b96e1ab97ce403110664 -> 
  custom:video-decoder-webm-vp8: 9c59270c3fd7afecdb556c50c9e8de78 -> 
  custom:audio-decoder-ogg-vorbis: bf7c407c2cedff20999df2af8eb42d56 -> 
  custom:audio-encoder-webm-vorbis: bf7c407c2cedff20999df2af8eb42d56 -> 
========================================================================
Received Prepare
Registering precompiled user dll's ...
Registered in 0.003413 seconds.
Begin MonoManager ReloadAssembly
Native extension for WindowsStandalone target not found
Native extension for WebGL target not found
Refreshing native plugins compatible for Editor in 0.82 ms, found 5 plugins.
Preloading 1 native plugins for Editor in 0.06 ms.
NullReferenceException: Object reference not set to an instance of an object
  at Unity.XR.Oculus.OculusLoader.AssetPathToAbsolutePath (System.String assetPath) [0x00048] in E:\Projects\DemoVR\Library\PackageCache\com.unity.xr.oculus@1.9.1\Runtime\OculusLoader.cs:249 
  at Unity.XR.Oculus.OculusLoader.EditorLoadOVRPlugin () [0x0007b] in E:\Projects\DemoVR\Library\PackageCache\com.unity.xr.oculus@1.9.1\Runtime\OculusLoader.cs:234 

(Filename: Library/PackageCache/com.unity.xr.oculus@1.9.1/Runtime/OculusLoader.cs Line: 249)

Mono: successfully reloaded assembly
- Completed reload, in  0.962 seconds
Platform modules already initialized, skipping
Shader 'Universal Render Pipeline/Particles/Lit': fallback shader 'Universal Render Pipeline/Particles/SimpleLit' not found
Refreshing native plugins compatible for Editor in 0.81 ms, found 5 plugins.
Preloading 1 native plugins for Editor in 0.04 ms.
Unloading 3192 Unused Serialized files (Serialized files now loaded: 0)
System memory in use before: 176.3 MB.
System memory in use after: 176.5 MB.

Unloading 17 unused Assets to reduce memory usage. Loaded Objects now: 3916.
Total: 3.678200 ms (FindLiveObjects: 0.353200 ms CreateObjectMapping: 0.204800 ms MarkObjects: 3.079700 ms  DeleteObjects: 0.039300 ms)

AssetImportParameters requested are different than current active one (requested -> active):
  custom:framework-win-MediaFoundation: 216162199b28c13a410421893ffa2e32 -> 
  custom:video-decoder-ogg-theora: a1e56fd34408186e4bbccfd4996cb3dc -> 
  custom:container-muxer-webm: aa71ff27fc2769a1b78a27578f13a17b -> 
  custom:container-demuxer-webm: 4f35f7cbe854078d1ac9338744f61a02 -> 
  custom:container-demuxer-ogg: 62fdf1f143b41e24485cea50d1cbac27 -> 
  custom:video-encoder-webm-vp8: eb34c28f22e8b96e1ab97ce403110664 -> 
  custom:video-decoder-webm-vp8: 9c59270c3fd7afecdb556c50c9e8de78 -> 
  custom:audio-decoder-ogg-vorbis: bf7c407c2cedff20999df2af8eb42d56 -> 
  custom:audio-encoder-webm-vorbis: bf7c407c2cedff20999df2af8eb42d56 -> 
========================================================================
Received Prepare
Registering precompiled user dll's ...
Registered in 0.003242 seconds.
Begin MonoManager ReloadAssembly
Native extension for WindowsStandalone target not found
Native extension for WebGL target not found
Refreshing native plugins compatible for Editor in 0.85 ms, found 5 plugins.
Preloading 1 native plugins for Editor in 0.06 ms.
NullReferenceException: Object reference not set to an instance of an object
  at Unity.XR.Oculus.OculusLoader.AssetPathToAbsolutePath (System.String assetPath) [0x00048] in E:\Projects\DemoVR\Library\PackageCache\com.unity.xr.oculus@1.9.1\Runtime\OculusLoader.cs:249 
  at Unity.XR.Oculus.OculusLoader.EditorLoadOVRPlugin () [0x0007b] in E:\Projects\DemoVR\Library\PackageCache\com.unity.xr.oculus@1.9.1\Runtime\OculusLoader.cs:234 

(Filename: Library/PackageCache/com.unity.xr.oculus@1.9.1/Runtime/OculusLoader.cs Line: 249)

Mono: successfully reloaded assembly
- Completed reload, in  0.974 seconds
Platform modules already initialized, skipping
Shader 'Universal Render Pipeline/Particles/Lit': fallback shader 'Universal Render Pipeline/Particles/SimpleLit' not found
Refreshing native plugins compatible for Editor in 1.41 ms, found 5 plugins.
Preloading 1 native plugins for Editor in 0.06 ms.
Unloading 3192 Unused Serialized files (Serialized files now loaded: 0)
System memory in use before: 176.3 MB.
System memory in use after: 176.5 MB.

Unloading 17 unused Assets to reduce memory usage. Loaded Objects now: 3920.
Total: 2.502400 ms (FindLiveObjects: 0.297300 ms CreateObjectMapping: 0.147200 ms MarkObjects: 2.039900 ms  DeleteObjects: 0.016900 ms)

AssetImportParameters requested are different than current active one (requested -> active):
  custom:framework-win-MediaFoundation: 216162199b28c13a410421893ffa2e32 -> 
  custom:video-decoder-ogg-theora: a1e56fd34408186e4bbccfd4996cb3dc -> 
  custom:container-muxer-webm: aa71ff27fc2769a1b78a27578f13a17b -> 
  custom:container-demuxer-webm: 4f35f7cbe854078d1ac9338744f61a02 -> 
  custom:container-demuxer-ogg: 62fdf1f143b41e24485cea50d1cbac27 -> 
  custom:video-encoder-webm-vp8: eb34c28f22e8b96e1ab97ce403110664 -> 
  custom:video-decoder-webm-vp8: 9c59270c3fd7afecdb556c50c9e8de78 -> 
  custom:audio-decoder-ogg-vorbis: bf7c407c2cedff20999df2af8eb42d56 -> 
  custom:audio-encoder-webm-vorbis: bf7c407c2cedff20999df2af8eb42d56 -> 
========================================================================
Received Prepare
Registering precompiled user dll's ...
Registered in 0.003746 seconds.
Begin MonoManager ReloadAssembly
Native extension for WindowsStandalone target not found
Native extension for WebGL target not found
Refreshing native plugins compatible for Editor in 0.91 ms, found 5 plugins.
Preloading 1 native plugins for Editor in 0.06 ms.
NullReferenceException: Object reference not set to an instance of an object
  at Unity.XR.Oculus.OculusLoader.AssetPathToAbsolutePath (System.String assetPath) [0x00048] in E:\Projects\DemoVR\Library\PackageCache\com.unity.xr.oculus@1.9.1\Runtime\OculusLoader.cs:249 
  at Unity.XR.Oculus.OculusLoader.EditorLoadOVRPlugin () [0x0007b] in E:\Projects\DemoVR\Library\PackageCache\com.unity.xr.oculus@1.9.1\Runtime\OculusLoader.cs:234 

(Filename: Library/PackageCache/com.unity.xr.oculus@1.9.1/Runtime/OculusLoader.cs Line: 249)

Mono: successfully reloaded assembly
- Completed reload, in  0.972 seconds
Platform modules already initialized, skipping
Shader 'Universal Render Pipeline/Particles/Lit': fallback shader 'Universal Render Pipeline/Particles/SimpleLit' not found
Refreshing native plugins compatible for Editor in 1.24 ms, found 5 plugins.
Preloading 1 native plugins for Editor in 0.09 ms.
Unloading 3192 Unused Serialized files (Serialized files now loaded: 0)
System memory in use before: 176.3 MB.
System memory in use after: 176.5 MB.

Unloading 17 unused Assets to reduce memory usage. Loaded Objects now: 3924.
Total: 2.725900 ms (FindLiveObjects: 0.348200 ms CreateObjectMapping: 0.171400 ms MarkObjects: 2.182700 ms  DeleteObjects: 0.021800 ms)

AssetImportParameters requested are different than current active one (requested -> active):
  custom:framework-win-MediaFoundation: 216162199b28c13a410421893ffa2e32 -> 
  custom:video-decoder-ogg-theora: a1e56fd34408186e4bbccfd4996cb3dc -> 
  custom:container-muxer-webm: aa71ff27fc2769a1b78a27578f13a17b -> 
  custom:container-demuxer-webm: 4f35f7cbe854078d1ac9338744f61a02 -> 
  custom:container-demuxer-ogg: 62fdf1f143b41e24485cea50d1cbac27 -> 
  custom:video-encoder-webm-vp8: eb34c28f22e8b96e1ab97ce403110664 -> 
  custom:video-decoder-webm-vp8: 9c59270c3fd7afecdb556c50c9e8de78 -> 
  custom:audio-decoder-ogg-vorbis: bf7c407c2cedff20999df2af8eb42d56 -> 
  custom:audio-encoder-webm-vorbis: bf7c407c2cedff20999df2af8eb42d56 -> 
========================================================================
Received Import Request.
  Time since last request: 4138.029327 seconds.
  path: Assets/DestructibleProps/Models/TableWare/Cup_broken.FBX
  artifactKey: Guid(3e4de63b8b31c734c90681690eae3f72) Importer(815301076,1909f56bfc062723c751e8b465ee728b)
Start importing Assets/DestructibleProps/Models/TableWare/Cup_broken.FBX using Guid(3e4de63b8b31c734c90681690eae3f72) Importer(815301076,1909f56bfc062723c751e8b465ee728b)  -> (artifact id: '98b00067b4e0f5fe134d89fb5f557393') in 0.897899 seconds 
  Import took 0.903650 seconds .

========================================================================
Received Import Request.
  Time since last request: 0.000181 seconds.
  path: Assets/DestructibleProps/Models/TableWare/Cup.FBX
  artifactKey: Guid(b64e4b05bcdd30b4c8cd630966ba91bf) Importer(815301076,1909f56bfc062723c751e8b465ee728b)
Start importing Assets/DestructibleProps/Models/TableWare/Cup.FBX using Guid(b64e4b05bcdd30b4c8cd630966ba91bf) Importer(815301076,1909f56bfc062723c751e8b465ee728b)  -> (artifact id: '46c1bba9ddd19a74e92d24e604271964') in 0.012922 seconds 
  Import took 0.018002 seconds .

========================================================================
Received Import Request.
  Time since last request: 0.000119 seconds.
  path: Assets/DestructibleProps/Models/TableWare/Materials/Cup03.mat
  artifactKey: Guid(d130ca266150ade45b7c97cd53834427) Importer(815301076,1909f56bfc062723c751e8b465ee728b)
Start importing Assets/DestructibleProps/Models/TableWare/Materials/Cup03.mat using Guid(d130ca266150ade45b7c97cd53834427) Importer(815301076,1909f56bfc062723c751e8b465ee728b)  -> (artifact id: '3fa7c0ef4a18ca58b6c85347456ac354') in 0.034126 seconds 
  Import took 0.039075 seconds .

========================================================================
Received Import Request.
  Time since last request: 0.000139 seconds.
  path: Assets/DestructibleProps/Models/TableWare/Materials/Cup02.mat
  artifactKey: Guid(7e411ed8bf5820740846e216e1ccc850) Importer(815301076,1909f56bfc062723c751e8b465ee728b)
Start importing Assets/DestructibleProps/Models/TableWare/Materials/Cup02.mat using Guid(7e411ed8bf5820740846e216e1ccc850) Importer(815301076,1909f56bfc062723c751e8b465ee728b)  -> (artifact id: 'bcbe5d29851317190ac89eb5b6bc5220') in 0.024883 seconds 
  Import took 0.029786 seconds .

========================================================================
Received Import Request.
  Time since last request: 0.000140 seconds.
  path: Assets/DestructibleProps/Models/TableWare/Materials/Cup01.mat
  artifactKey: Guid(e8d3618ec2e643b4897e1d447688c95d) Importer(815301076,1909f56bfc062723c751e8b465ee728b)
Start importing Assets/DestructibleProps/Models/TableWare/Materials/Cup01.mat using Guid(e8d3618ec2e643b4897e1d447688c95d) Importer(815301076,1909f56bfc062723c751e8b465ee728b)  -> (artifact id: '23cc76aea7f00abb21b4f1baeaf66acd') in 0.011880 seconds 
  Import took 0.017512 seconds .

========================================================================
Received Import Request.
  Time since last request: 18.317681 seconds.
  path: Assets/DestructibleProps/Prefabs_destructible/Bottle01_d.prefab
  artifactKey: Guid(8312bca6d9cb56c41b6980cc58b4b87e) Importer(815301076,1909f56bfc062723c751e8b465ee728b)
Start importing Assets/DestructibleProps/Prefabs_destructible/Bottle01_d.prefab using Guid(8312bca6d9cb56c41b6980cc58b4b87e) Importer(815301076,1909f56bfc062723c751e8b465ee728b)  -> (artifact id: '76c9450bcdfbc60aa21b56882a86ce11') in 0.041839 seconds 
  Import took 0.047147 seconds .

========================================================================
Received Import Request.
  Time since last request: 209.066787 seconds.
  path: Assets/Shaders/Graphs/ObjectHighlightUnlit.shadergraph
  artifactKey: Guid(8839bf220bf816141a0aa1daee4d084b) Importer(815301076,1909f56bfc062723c751e8b465ee728b)
Start importing Assets/Shaders/Graphs/ObjectHighlightUnlit.shadergraph using Guid(8839bf220bf816141a0aa1daee4d084b) Importer(815301076,1909f56bfc062723c751e8b465ee728b)  -> (artifact id: 'dea95e9124dddc45365be004350f0bde') in 0.006199 seconds 
  Import took 0.011898 seconds .

========================================================================
Received Import Request.
  Time since last request: 0.036577 seconds.
  path: Assets/Shaders/Graphs/ObjectHighlightUnlit.shadergraph
  artifactKey: Guid(8839bf220bf816141a0aa1daee4d084b) Importer(815301076,1909f56bfc062723c751e8b465ee728b)
Start importing Assets/Shaders/Graphs/ObjectHighlightUnlit.shadergraph using Guid(8839bf220bf816141a0aa1daee4d084b) Importer(815301076,1909f56bfc062723c751e8b465ee728b)  -> (artifact id: 'dea95e9124dddc45365be004350f0bde') in 0.001541 seconds 
  Import took 0.006038 seconds .

========================================================================
Received Import Request.
  Time since last request: 5.540325 seconds.
  path: Assets/Shaders/Graphs/Liquid.shadergraph
  artifactKey: Guid(5ae7e95be07328641999f1102d790af1) Importer(815301076,1909f56bfc062723c751e8b465ee728b)
Start importing Assets/Shaders/Graphs/Liquid.shadergraph using Guid(5ae7e95be07328641999f1102d790af1) Importer(815301076,1909f56bfc062723c751e8b465ee728b)  -> (artifact id: '76cbfabba6316a66b8e36636224c9d5b') in 0.005356 seconds 
  Import took 0.010646 seconds .

========================================================================
Received Import Request.
  Time since last request: 0.337935 seconds.
  path: Assets/Shaders/Graphs/Liquid.shadergraph
  artifactKey: Guid(5ae7e95be07328641999f1102d790af1) Importer(815301076,1909f56bfc062723c751e8b465ee728b)
Start importing Assets/Shaders/Graphs/Liquid.shadergraph using Guid(5ae7e95be07328641999f1102d790af1) Importer(815301076,1909f56bfc062723c751e8b465ee728b)  -> (artifact id: '76cbfabba6316a66b8e36636224c9d5b') in 0.002266 seconds 
  Import took 0.006998 seconds .

========================================================================
Received Import Request.
  Time since last request: 272.151413 seconds.
  path: Assets/Shaders/Graphs/Liquid.shadergraph
  artifactKey: Guid(5ae7e95be07328641999f1102d790af1) Importer(815301076,1909f56bfc062723c751e8b465ee728b)
Start importing Assets/Shaders/Graphs/Liquid.shadergraph using Guid(5ae7e95be07328641999f1102d790af1) Importer(815301076,1909f56bfc062723c751e8b465ee728b)  -> (artifact id: 'f588688b6dded90fc7bb3fb8be88b906') in 0.006108 seconds 
  Import took 0.011759 seconds .

========================================================================
Received Import Request.
  Time since last request: 0.355117 seconds.
  path: Assets/Shaders/Graphs/Liquid.shadergraph
  artifactKey: Guid(5ae7e95be07328641999f1102d790af1) Importer(815301076,1909f56bfc062723c751e8b465ee728b)
Start importing Assets/Shaders/Graphs/Liquid.shadergraph using Guid(5ae7e95be07328641999f1102d790af1) Importer(815301076,1909f56bfc062723c751e8b465ee728b)  -> (artifact id: 'f588688b6dded90fc7bb3fb8be88b906') in 0.003243 seconds 
  Import took 0.009177 seconds .

========================================================================
Received Import Request.
  Time since last request: 6.663795 seconds.
  path: Assets/Shaders/Graphs/Coffe.mat
  artifactKey: Guid(80715b3bd52e9034192d9afd92bff302) Importer(815301076,1909f56bfc062723c751e8b465ee728b)
Start importing Assets/Shaders/Graphs/Coffe.mat using Guid(80715b3bd52e9034192d9afd92bff302) Importer(815301076,1909f56bfc062723c751e8b465ee728b)  -> (artifact id: '204ace80b779ba159df0d069b50763e2') in 0.018404 seconds 
  Import took 0.023736 seconds .

========================================================================
Received Import Request.
  Time since last request: 84.306335 seconds.
  path: Assets/Shaders/SimpleLiquid.shadergraph
  artifactKey: Guid(8be250847617fa940acf8210a6b6aeb2) Importer(815301076,1909f56bfc062723c751e8b465ee728b)
Start importing Assets/Shaders/SimpleLiquid.shadergraph using Guid(8be250847617fa940acf8210a6b6aeb2) Importer(815301076,1909f56bfc062723c751e8b465ee728b)  -> (artifact id: 'bed53e1b5d2082aa573a5721acdc2221') in 0.004312 seconds 
  Import took 0.009504 seconds .

========================================================================
Received Import Request.
  Time since last request: 128.026389 seconds.
  path: Assets/Textures/caffeine-coffee-cup-6347-720x460.jpg
  artifactKey: Guid(7a72124746a3ed44ea0b92adf4d0a977) Importer(815301076,1909f56bfc062723c751e8b465ee728b)
Start importing Assets/Textures/caffeine-coffee-cup-6347-720x460.jpg using Guid(7a72124746a3ed44ea0b92adf4d0a977) Importer(815301076,1909f56bfc062723c751e8b465ee728b)  -> (artifact id: 'd21ae6ed6a619f6bfcfcc1ac7b656a66') in 0.014185 seconds 
  Import took 0.019297 seconds .

========================================================================
Received Import Request.
  Time since last request: 834.670435 seconds.
  path: Assets/Models/cupLiquid.fbx
  artifactKey: Guid(8be1c9a384be64440bc5fa0f9411753c) Importer(815301076,1909f56bfc062723c751e8b465ee728b)
Start importing Assets/Models/cupLiquid.fbx using Guid(8be1c9a384be64440bc5fa0f9411753c) Importer(815301076,1909f56bfc062723c751e8b465ee728b)  -> (artifact id: 'c3243ec1d755cb1a290ffb5c32e5326d') in 0.017810 seconds 
  Import took 0.023548 seconds .

AssetImportWorkerClient::OnTransportError - code=2 error=End of file
