Using pre-set license
Built from '2020.3/staging' branch; Version is '2020.3.13f1 (71691879b7f5) revision 7432472'; Using compiler version '192528614'; Build Type 'Release'
OS: 'Windows 10 Pro; OS build 19043.1348; Version 2009; 64bit' Language: 'ru' Physical Memory: 32665 MB
BatchMode: 1, IsHumanControllingUs: 0, StartBugReporterOnCrash: 0, Is64bit: 1, IsPro: 0

 COMMAND LINE ARGUMENTS:
C:\Program Files\Unity\Hub\Editor\2020.3.13f1\Editor\Unity.exe
-adb2
-batchMode
-noUpm
-name
AssetImportWorker0
-projectPath
E:/Projects/DemoVR
-logFile
Logs/AssetImportWorker0.log
-srvPort
56575
Successfully changed project path to: E:/Projects/DemoVR
E:/Projects/DemoVR
Using Asset Import Pipeline V2.
Refreshing native plugins compatible for Editor in 60.12 ms, found 5 plugins.
Preloading 1 native plugins for Editor in 0.57 ms.
Initialize engine version: 2020.3.13f1 (71691879b7f5)
[Subsystems] Discovering subsystems at path C:/Program Files/Unity/Hub/Editor/2020.3.13f1/Editor/Data/Resources/UnitySubsystems
[Subsystems] Discovering subsystems at path E:/Projects/DemoVR/Assets
GfxDevice: creating device client; threaded=0
Direct3D:
    Version:  Direct3D 11.0 [level 11.1]
    Renderer: NVIDIA GeForce GTX 1660 SUPER (ID=0x21c4)
    Vendor:   
    VRAM:     5991 MB
    Driver:   27.21.14.6089
Shader 'Universal Render Pipeline/Particles/Lit': fallback shader 'Universal Render Pipeline/Particles/SimpleLit' not found
Initialize mono
Mono path[0] = 'C:/Program Files/Unity/Hub/Editor/2020.3.13f1/Editor/Data/Managed'
Mono path[1] = 'C:/Program Files/Unity/Hub/Editor/2020.3.13f1/Editor/Data/MonoBleedingEdge/lib/mono/unityjit'
Mono config path = 'C:/Program Files/Unity/Hub/Editor/2020.3.13f1/Editor/Data/MonoBleedingEdge/etc'
Using monoOptions --debugger-agent=transport=dt_socket,embedding=1,server=y,suspend=n,address=127.0.0.1:56508
Begin MonoManager ReloadAssembly
Registering precompiled unity dll's ...
Register platform support module: C:/Program Files/Unity/Hub/Editor/2020.3.13f1/Editor/Data/PlaybackEngines/WebGLSupport/UnityEditor.WebGL.Extensions.dll
Register platform support module: C:/Program Files/Unity/Hub/Editor/2020.3.13f1/Editor/Data/PlaybackEngines/WindowsStandaloneSupport/UnityEditor.WindowsStandalone.Extensions.dll
Registered in 0.001593 seconds.
Native extension for WindowsStandalone target not found
Native extension for WebGL target not found
Refreshing native plugins compatible for Editor in 59.65 ms, found 5 plugins.
Preloading 1 native plugins for Editor in 0.05 ms.
Mono: successfully reloaded assembly
- Completed reload, in  1.399 seconds
Platform modules already initialized, skipping
Registering precompiled user dll's ...
Registered in 0.003053 seconds.
Begin MonoManager ReloadAssembly
Native extension for WindowsStandalone target not found
Native extension for WebGL target not found
Refreshing native plugins compatible for Editor in 63.11 ms, found 5 plugins.
Preloading 1 native plugins for Editor in 0.06 ms.
[XR] OculusXRPlugin: registering subsystems
[XR] Unable to register display lifecyle provider: [1]
[XR] Oculus Input lifecycle provider registered.
[XR] Unable to register input lifecyle provider: [1]
NullReferenceException: Object reference not set to an instance of an object
  at Unity.XR.Oculus.OculusLoader.AssetPathToAbsolutePath (System.String assetPath) [0x00048] in E:\Projects\DemoVR\Library\PackageCache\com.unity.xr.oculus@1.9.1\Runtime\OculusLoader.cs:249 
  at Unity.XR.Oculus.OculusLoader.EditorLoadOVRPlugin () [0x0007b] in E:\Projects\DemoVR\Library\PackageCache\com.unity.xr.oculus@1.9.1\Runtime\OculusLoader.cs:234 

(Filename: Library/PackageCache/com.unity.xr.oculus@1.9.1/Runtime/OculusLoader.cs Line: 249)

Mono: successfully reloaded assembly
- Completed reload, in  0.982 seconds
Platform modules already initialized, skipping
========================================================================
Worker process is ready to serve import requests
Shader 'Universal Render Pipeline/Particles/Lit': fallback shader 'Universal Render Pipeline/Particles/SimpleLit' not found
Launched and connected shader compiler UnityShaderCompiler.exe after 0.02 seconds
Refreshing native plugins compatible for Editor in 0.75 ms, found 5 plugins.
Preloading 1 native plugins for Editor in 0.04 ms.
Unloading 3299 Unused Serialized files (Serialized files now loaded: 0)
System memory in use before: 155.7 MB.
System memory in use after: 155.9 MB.

Unloading 24 unused Assets to reduce memory usage. Loaded Objects now: 3751.
Total: 2.361900 ms (FindLiveObjects: 0.270200 ms CreateObjectMapping: 0.153600 ms MarkObjects: 1.877000 ms  DeleteObjects: 0.060400 ms)

AssetImportParameters requested are different than current active one (requested -> active):
  custom:framework-win-MediaFoundation: 216162199b28c13a410421893ffa2e32 -> 
  custom:video-decoder-ogg-theora: a1e56fd34408186e4bbccfd4996cb3dc -> 
  custom:container-muxer-webm: aa71ff27fc2769a1b78a27578f13a17b -> 
  custom:container-demuxer-webm: 4f35f7cbe854078d1ac9338744f61a02 -> 
  custom:container-demuxer-ogg: 62fdf1f143b41e24485cea50d1cbac27 -> 
  custom:video-encoder-webm-vp8: eb34c28f22e8b96e1ab97ce403110664 -> 
  custom:video-decoder-webm-vp8: 9c59270c3fd7afecdb556c50c9e8de78 -> 
  custom:audio-decoder-ogg-vorbis: bf7c407c2cedff20999df2af8eb42d56 -> 
  custom:audio-encoder-webm-vorbis: bf7c407c2cedff20999df2af8eb42d56 -> 
========================================================================
Received Import Request.
  path: Assets/Settings/UniversalRP-LowQuality.asset
  artifactKey: Guid(a31e9f9f9c9d4b9429ed0d1234e22103) Importer(815301076,1909f56bfc062723c751e8b465ee728b)
Start importing Assets/Settings/UniversalRP-LowQuality.asset using Guid(a31e9f9f9c9d4b9429ed0d1234e22103) Importer(815301076,1909f56bfc062723c751e8b465ee728b)  -> (artifact id: 'b2e1c6d07e2bf30c8b9ff2905542911d') in 0.024182 seconds 
  Import took 0.028329 seconds .

========================================================================
Received Import Request.
  Time since last request: 0.000186 seconds.
  path: Assets/Settings/UniversalRP-MediumQuality.asset
  artifactKey: Guid(d847b876476d3d6468f5dfcd34266f96) Importer(815301076,1909f56bfc062723c751e8b465ee728b)
Start importing Assets/Settings/UniversalRP-MediumQuality.asset using Guid(d847b876476d3d6468f5dfcd34266f96) Importer(815301076,1909f56bfc062723c751e8b465ee728b)  -> (artifact id: 'fa0ec52b311d7f8a1baca7c224e0c697') in 0.004980 seconds 
  Import took 0.008878 seconds .

========================================================================
Received Import Request.
  Time since last request: 0.000174 seconds.
  path: Assets/Settings/UniversalRP-HighQuality.asset
  artifactKey: Guid(19ba41d7c0026c3459d37c2fe90c55a0) Importer(815301076,1909f56bfc062723c751e8b465ee728b)
Start importing Assets/Settings/UniversalRP-HighQuality.asset using Guid(19ba41d7c0026c3459d37c2fe90c55a0) Importer(815301076,1909f56bfc062723c751e8b465ee728b)  -> (artifact id: '58a216ef7120edfb01522dad8634c8af') in 0.004393 seconds 
  Import took 0.008101 seconds .

========================================================================
Received Import Request.
  Time since last request: 18.637135 seconds.
  path: Assets/RPG/RPGMechanics.unity
  artifactKey: Guid(2eab962343d6db842adc95e7759d8340) Importer(815301076,1909f56bfc062723c751e8b465ee728b)
Start importing Assets/RPG/RPGMechanics.unity using Guid(2eab962343d6db842adc95e7759d8340) Importer(815301076,1909f56bfc062723c751e8b465ee728b)  -> (artifact id: 'd7f4336bb48e8d59d3f275680d525a77') in 0.004823 seconds 
  Import took 0.008906 seconds .

========================================================================
Received Import Request.
  Time since last request: 588.470161 seconds.
  path: Assets/Models/Pot/source/Day20_Sprout_Low.fbx
  artifactKey: Guid(887b1d0c4c8b9dc469b65a35290c6134) Importer(815301076,1909f56bfc062723c751e8b465ee728b)
Start importing Assets/Models/Pot/source/Day20_Sprout_Low.fbx using Guid(887b1d0c4c8b9dc469b65a35290c6134) Importer(815301076,1909f56bfc062723c751e8b465ee728b)  -> (artifact id: 'a346fff120b65fcc6e0c9eb6dcaf57c3') in 0.209296 seconds 
  Import took 0.214998 seconds .

========================================================================
Received Import Request.
  Time since last request: 0.059350 seconds.
  path: Assets/Models/Pot/textures/Sprout_Normal.png
  artifactKey: Guid(a1e8cedd1fc1b7f4fac3faa45e028468) Importer(815301076,1909f56bfc062723c751e8b465ee728b)
Start importing Assets/Models/Pot/textures/Sprout_Normal.png using Guid(a1e8cedd1fc1b7f4fac3faa45e028468) Importer(815301076,1909f56bfc062723c751e8b465ee728b)  -> (artifact id: 'b0bc997f4a665e18cc5198a0084785ef') in 0.020336 seconds 
  Import took 0.024552 seconds .

========================================================================
Received Import Request.
  Time since last request: 0.006803 seconds.
  path: Assets/Animations/juice anim.anim
  artifactKey: Guid(8c98969a7809b75449e5ea6c9b2a7540) Importer(815301076,1909f56bfc062723c751e8b465ee728b)
Start importing Assets/Animations/juice anim.anim using Guid(8c98969a7809b75449e5ea6c9b2a7540) Importer(815301076,1909f56bfc062723c751e8b465ee728b)  -> (artifact id: 'c719c1eb08b9c15e9a22a20eb6ed26fc') in 0.005155 seconds 
  Import took 0.009231 seconds .

========================================================================
Received Import Request.
  Time since last request: 0.003289 seconds.
  path: Assets/Models/orange/source/defaultMat.mat
  artifactKey: Guid(d41852ed13c2c384e958738c12e0f302) Importer(815301076,1909f56bfc062723c751e8b465ee728b)
Start importing Assets/Models/orange/source/defaultMat.mat using Guid(d41852ed13c2c384e958738c12e0f302) Importer(815301076,1909f56bfc062723c751e8b465ee728b)  -> (artifact id: '6d12f1954617070c12348a641c6c000f') in 0.040638 seconds 
  Import took 0.045091 seconds .

========================================================================
Received Import Request.
  Time since last request: 0.003649 seconds.
  path: Assets/Models/Pot/source/pot.mat
  artifactKey: Guid(b34fc0b1b5d6b3b429a764eb0fab7de7) Importer(815301076,1909f56bfc062723c751e8b465ee728b)
Start importing Assets/Models/Pot/source/pot.mat using Guid(b34fc0b1b5d6b3b429a764eb0fab7de7) Importer(815301076,1909f56bfc062723c751e8b465ee728b)  -> (artifact id: 'a1999012da055e61bcc3553a64c25493') in 0.014589 seconds 
  Import took 0.018776 seconds .

========================================================================
Received Import Request.
  Time since last request: 0.004076 seconds.
  path: Assets/Animations/PlantGrow.anim
  artifactKey: Guid(e51dc4ffbea2af240986b46f4c7712a1) Importer(815301076,1909f56bfc062723c751e8b465ee728b)
Start importing Assets/Animations/PlantGrow.anim using Guid(e51dc4ffbea2af240986b46f4c7712a1) Importer(815301076,1909f56bfc062723c751e8b465ee728b)  -> (artifact id: 'c7c2a55d13447538330c4e160994c399') in 0.007732 seconds 
  Import took 0.011889 seconds .

========================================================================
Received Import Request.
  Time since last request: 0.016340 seconds.
  path: Assets/Scripts/Delay.cs
  artifactKey: Guid(179b6b1e52d8dea4194aedfe7a76c083) Importer(815301076,1909f56bfc062723c751e8b465ee728b)
Start importing Assets/Scripts/Delay.cs using Guid(179b6b1e52d8dea4194aedfe7a76c083) Importer(815301076,1909f56bfc062723c751e8b465ee728b)  -> (artifact id: '25ef0a229b52a83085f4460aa5782a00') in 0.010889 seconds 
  Import took 0.015074 seconds .

========================================================================
Received Import Request.
  Time since last request: 0.015552 seconds.
  path: Assets/Models/Sprinkler/textures/sprinkler_Material_Albedo.png
  artifactKey: Guid(9395c7ffcffcd2547b7c32a97c8fa26d) Importer(815301076,1909f56bfc062723c751e8b465ee728b)
Start importing Assets/Models/Sprinkler/textures/sprinkler_Material_Albedo.png using Guid(9395c7ffcffcd2547b7c32a97c8fa26d) Importer(815301076,1909f56bfc062723c751e8b465ee728b)  -> (artifact id: 'd1be221f965714e6fb3f1fb2a474b606') in 0.011247 seconds 
  Import took 0.016091 seconds .

========================================================================
Received Import Request.
  Time since last request: 0.007003 seconds.
  path: Assets/Models/Pot/textures/Sprout_Metallic.png
  artifactKey: Guid(322cc5b11b5c0144caf64c9e000452bd) Importer(815301076,1909f56bfc062723c751e8b465ee728b)
Start importing Assets/Models/Pot/textures/Sprout_Metallic.png using Guid(322cc5b11b5c0144caf64c9e000452bd) Importer(815301076,1909f56bfc062723c751e8b465ee728b)  -> (artifact id: '63ff8a119b18f2399313b97c532116a2') in 0.007607 seconds 
  Import took 0.011808 seconds .

========================================================================
Received Import Request.
  Time since last request: 0.012217 seconds.
  path: Assets/Scripts/AnimateObjectScale.cs
  artifactKey: Guid(dcf1af22ef23372488bef3b343bb1046) Importer(815301076,1909f56bfc062723c751e8b465ee728b)
Start importing Assets/Scripts/AnimateObjectScale.cs using Guid(dcf1af22ef23372488bef3b343bb1046) Importer(815301076,1909f56bfc062723c751e8b465ee728b)  -> (artifact id: '7a67c13920479683f2d463d13fdd0f71') in 0.003735 seconds 
  Import took 0.007949 seconds .

========================================================================
Received Import Request.
  Time since last request: 0.004076 seconds.
  path: Assets/Shaders/WaterFountain.shadergraph
  artifactKey: Guid(5fc0d71fcf4983b4ba89aca720947c6d) Importer(815301076,1909f56bfc062723c751e8b465ee728b)
Start importing Assets/Shaders/WaterFountain.shadergraph using Guid(5fc0d71fcf4983b4ba89aca720947c6d) Importer(815301076,1909f56bfc062723c751e8b465ee728b)  -> (artifact id: 'eaadbd62dcde802aa20e5b08153ead84') in 0.005101 seconds 
  Import took 0.009189 seconds .

========================================================================
Received Import Request.
  Time since last request: 0.003579 seconds.
  path: Assets/Scripts/AnimatedMaterialFloatSetter.cs
  artifactKey: Guid(f8f4a847e303cde4e89a3a01df6f720d) Importer(815301076,1909f56bfc062723c751e8b465ee728b)
Start importing Assets/Scripts/AnimatedMaterialFloatSetter.cs using Guid(f8f4a847e303cde4e89a3a01df6f720d) Importer(815301076,1909f56bfc062723c751e8b465ee728b)  -> (artifact id: '40772c7d0efe80ed657a77d094e55da1') in 0.003823 seconds 
  Import took 0.008182 seconds .

========================================================================
Received Import Request.
  Time since last request: 0.024470 seconds.
  path: Assets/Shaders/Liquid.shadergraph
  artifactKey: Guid(8be250847617fa940acf8210a6b6aeb2) Importer(815301076,1909f56bfc062723c751e8b465ee728b)
Start importing Assets/Shaders/Liquid.shadergraph using Guid(8be250847617fa940acf8210a6b6aeb2) Importer(815301076,1909f56bfc062723c751e8b465ee728b)  -> (artifact id: '7c9154b154fa9b3e50914576edeaf85f') in 0.005140 seconds 
  Import took 0.009718 seconds .

========================================================================
Received Import Request.
  Time since last request: 0.062427 seconds.
  path: Assets/Models/Pot/textures/Sprout_BaseColor.png
  artifactKey: Guid(ee343a042745bfc479a4d0508836d141) Importer(815301076,1909f56bfc062723c751e8b465ee728b)
Start importing Assets/Models/Pot/textures/Sprout_BaseColor.png using Guid(ee343a042745bfc479a4d0508836d141) Importer(815301076,1909f56bfc062723c751e8b465ee728b)  -> (artifact id: '09ad53710d701b88eed8d620ba824ee6') in 0.008301 seconds 
  Import took 0.012588 seconds .

========================================================================
Received Import Request.
  Time since last request: 0.007328 seconds.
  path: Assets/Models/Sprinkler/textures/sprinkler_Material_Normal.png
  artifactKey: Guid(44aa88ac1e729a145aac069fb9dbb369) Importer(815301076,1909f56bfc062723c751e8b465ee728b)
Start importing Assets/Models/Sprinkler/textures/sprinkler_Material_Normal.png using Guid(44aa88ac1e729a145aac069fb9dbb369) Importer(815301076,1909f56bfc062723c751e8b465ee728b)  -> (artifact id: '4b6b35877d9980679f59ed305ee8f372') in 0.012686 seconds 
  Import took 0.017067 seconds .

========================================================================
Received Import Request.
  Time since last request: 1847.603580 seconds.
  path: Assets/Shaders/OpaqueDissolveY.shadergraph
  artifactKey: Guid(834e6f69090b0854fa7f13d336255af6) Importer(815301076,1909f56bfc062723c751e8b465ee728b)
Start importing Assets/Shaders/OpaqueDissolveY.shadergraph using Guid(834e6f69090b0854fa7f13d336255af6) Importer(815301076,1909f56bfc062723c751e8b465ee728b)  -> (artifact id: '46d11ad31dfd45b02daea36e1bd83601') in 0.005156 seconds 
  Import took 0.011090 seconds .

========================================================================
Received Import Request.
  Time since last request: 0.095301 seconds.
  path: Assets/Shaders/TuringDissolve.shadergraph
  artifactKey: Guid(52065fd521a4ebd4580b8d495d326cbc) Importer(815301076,1909f56bfc062723c751e8b465ee728b)
Start importing Assets/Shaders/TuringDissolve.shadergraph using Guid(52065fd521a4ebd4580b8d495d326cbc) Importer(815301076,1909f56bfc062723c751e8b465ee728b)  -> (artifact id: '2d37f2a87439cf4384b8d7ff60d746c4') in 0.005924 seconds 
  Import took 0.010706 seconds .

AssetImportWorkerClient::OnTransportError - code=2 error=End of file
